     1                                 %line 1+1 FileWriteRead.asm
     2                                 
     3                                 
     4                                 
     5                                 [section .data]
     6                                 
     7                                 
     8                                 
     9                                 
    10                                 LF equ 10
    11                                 NULL equ 0
    12                                 
    13                                 TRUE equ 1
    14                                 FALSE equ 0
    15                                 
    16                                 EXIT_SUCCESS equ 0
    17                                 
    18                                 STDIN equ 0
    19                                 STDOUT equ 1
    20                                 STDERR equ 2
    21                                 
    22                                 SYS_read equ 0
    23                                 SYS_write equ 1
    24                                 SYS_open equ 2
    25                                 SYS_close equ 3
    26                                 SYS_lseek equ 8
    27                                 SYS_fork equ 57
    28                                 SYS_exit equ 60
    29                                 SYS_creat equ 85
    30                                 SYS_time equ 201
    31                                 
    32                                 O_CREAT equ 0x40
    33                                 O_TRUNC equ 0x200
    34                                 O_APPEND equ 0x400
    35                                 
    36                                 SEEK_END equ 2
    37                                 
    38                                 O_RDONLY equ 000000
    39                                 O_WRONLY equ 000001
    40                                 O_RDWR equ 000002
    41                                 
    42                                 S_IRUSR equ 00400
    43                                 S_IWUSR equ 00200
    44                                 S_IXUSR equ 00100
    45                                 
    46                                 
    47                                 
    48                                 
    49                                 STRLEN equ 50
    50                                 
    51 00000000 2A2A2A2A2A2A2A2A2A-    welcomeOne db "******************************************************", NULL, LF
    52 00000000 2A2A2A2A2A2A2A2A2A-
    53 00000000 2A2A2A2A2A2A2A2A2A-
    54 00000000 2A2A2A2A2A2A2A2A2A-
    55 00000000 2A2A2A2A2A2A2A2A2A-
    56 00000000 2A2A2A2A2A2A2A2A2A-
    57 00000000 000A               
    58 00000038 2A2A2A2A2A2A57656C-    welcomeTwo db "******Welcome to my first Assembly program1************", NULL, LF
    59 00000038 636F6D6520746F206D-
    60 00000038 792066697273742041-
    61 00000038 7373656D626C792070-
    62 00000038 726F6772616D312A2A-
    63 00000038 2A2A2A2A2A2A2A2A2A-
    64 00000038 2A000A             
    65 00000071 2A2A2A2A2A2A2A2A2A-    welcomeThree db "******************************************************", NULL, LF
    66 00000071 2A2A2A2A2A2A2A2A2A-
    67 00000071 2A2A2A2A2A2A2A2A2A-
    68 00000071 2A2A2A2A2A2A2A2A2A-
    69 00000071 2A2A2A2A2A2A2A2A2A-
    70 00000071 2A2A2A2A2A2A2A2A2A-
    71 00000071 000A               
    72                                 
    73 000000A9 2A2A2A2A2A2A2A2A2A-    goodbyeOne db "******************************************************", NULL, LF
    74 000000A9 2A2A2A2A2A2A2A2A2A-
    75 000000A9 2A2A2A2A2A2A2A2A2A-
    76 000000A9 2A2A2A2A2A2A2A2A2A-
    77 000000A9 2A2A2A2A2A2A2A2A2A-
    78 000000A9 2A2A2A2A2A2A2A2A2A-
    79 000000A9 000A               
    80 000000E1 2A2A2A2A2A2A2A2A2A-    goodbyeTwo db "**********************GOOD BYE!***********************", NULL, LF
    81 000000E1 2A2A2A2A2A2A2A2A2A-
    82 000000E1 2A2A2A2A474F4F4420-
    83 000000E1 425945212A2A2A2A2A-
    84 000000E1 2A2A2A2A2A2A2A2A2A-
    85 000000E1 2A2A2A2A2A2A2A2A2A-
    86 000000E1 000A               
    87 00000119 2A2A2A2A2A2A2A2A2A-    goodbyeThree db "******************************************************", NULL, LF
    88 00000119 2A2A2A2A2A2A2A2A2A-
    89 00000119 2A2A2A2A2A2A2A2A2A-
    90 00000119 2A2A2A2A2A2A2A2A2A-
    91 00000119 2A2A2A2A2A2A2A2A2A-
    92 00000119 2A2A2A2A2A2A2A2A2A-
    93 00000119 000A               
    94                                 
    95 00000151 50524F4752414D204D-    menu1 db "PROGRAM MENU: Choose an option", NULL, LF
    96 00000151 454E553A2043686F6F-
    97 00000151 736520616E206F7074-
    98 00000151 696F6E000A         
    99 00000171 312D57726974652066-    menu2 db "1-Write file url.txt", NULL, LF
   100 00000171 696C652075726C2E74-
   101 00000171 7874000A           
   102 00000187 322D417070656E6420-    menu3 db "2-Append to file url.txt (not working yet)", NULL, LF
   103 00000187 746F2066696C652075-
   104 00000187 726C2E74787420286E-
   105 00000187 6F7420776F726B696E-
   106 00000187 672079657429000A   
   107 000001B3 332D52656164206669-    menu4 db "3-Read file url.txt", NULL, LF
   108 000001B3 6C652075726C2E7478-
   109 000001B3 74000A             
   110 000001C8 342D5374617274202F-    menu5 db "4-Start /bin/bash", NULL, LF
   111 000001C8 62696E2F6261736800-
   112 000001C8 0A                 
   113 000001DB 352D546573745F4675-    menu6 db "5-Test_Function", NULL, LF
   114 000001DB 6E6374696F6E000A   
   115 000001EC 302D45786974207072-    menu7 db "0-Exit program", NULL, LF
   116 000001EC 6F6772616D000A     
   117                                 
   118                                 
   119                                 
   120                                 
   121                                 BUFF_SIZE equ 255
   122                                 
   123                                 
   124                                 
   125 000001FC 57656C636F6D652074-    oneMessage db "Welcome to function Write!", NULL, LF
   126 000001FC 6F2066756E6374696F-
   127 000001FC 6E2057726974652100-
   128 000001FC 0A                 
   129 00000218 75726C2E74787400       fileName db "url.txt", NULL
   130 00000220 546869732069732061-    url db "This is a cool program!", LF, NULL
   131 00000220 20636F6F6C2070726F-
   132 00000220 6772616D210A00     
   133 00000239 1800000000000000       len dq $-url-1
   134 00000241 577269746520636F6D-    writeDone db "Write completed.", LF, NULL
   135 00000241 706C657465642E0A00 
   136 00000253 4572726F72206F7065-    errMsgOpen db "Error opening the file.", LF, NULL
   137 00000253 6E696E672074686520-
   138 00000253 66696C652E0A00     
   139 0000026C 0000000000000000       fileDescriptor dq 0
   140 00000274 4572726F7220777269-    errMsgWrite db "Error writing to file.", LF, NULL
   141 00000274 74696E6720746F2066-
   142 00000274 696C652E0A00       
   143                                 
   144                                 
   145                                 
   146 0000028C 57656C636F6D652074-    twoMessage db "Welcome to function Append!", NULL, LF
   147 0000028C 6F2066756E6374696F-
   148 0000028C 6E20417070656E6421-
   149 0000028C 000A               
   150 000002A9 546869732069732061-    urlTwo db "This is a second cool program!", LF, NULL
   151 000002A9 207365636F6E642063-
   152 000002A9 6F6F6C2070726F6772-
   153 000002A9 616D210A00         
   154 000002C9 1F00000000000000       lenTwo dq $-urlTwo-1
   155 000002D1 4572726F72206F6E20-    errOnSeek db "Error on lseek to file.", LF, NULL
   156 000002D1 6C7365656B20746F20-
   157 000002D1 66696C652E0A00     
   158                                 
   159                                 
   160                                 
   161 000002EA 57656C636F6D652074-    threeMessage db "Welcome to function Read!", NULL, LF
   162 000002EA 6F2066756E6374696F-
   163 000002EA 6E205265616421000A 
   164 00000305 4572726F72206F6E20-    errMsgRead db "Error on read file.", LF, NULL
   165 00000305 726561642066696C65-
   166 00000305 2E0A00             
   167                                 
   168                                 
   169                                 
   170 0000031A 57656C636F6D652074-    fourMessage db "Welcome to bash!", NULL, LF
   171 0000031A 6F206261736821000A 
   172 0000032C 2F62696E2F62617368-    progName db "/bin/bash", NULL
   173 0000032C 00                 
   174                                 
   175                                 
   176                                 
   177                                 
   178                                 
   179                                 EXIT equ 48
   180                                 func_max equ 5
   181 00000336 456E7465722061206E-    greaterThanMaxMessage db "Enter a number between 0 and 4", NULL, LF
   182 00000336 756D62657220626574-
   183 00000336 7765656E203020616E-
   184 00000336 642034000A         
   185                                 ONE equ 49
   186                                 TWO equ 50
   187                                 THREE equ 51
   188                                 FOUR equ 52
   189                                 FIVE equ 53
   190                                 
   191                                 
   192 00000356 57656C636F6D652074-    fiveMessage db "Welcome to function five!", NULL, LF
   193 00000356 6F2066756E6374696F-
   194 00000356 6E206669766521000A 
   195                                 
   196 00000371 456E7465722073656C-    pmpt db "Enter selection: ", NULL
   197 00000371 656374696F6E3A2000 
   198 00000383 0A00                   newLine db LF, NULL
   199                                 
   200                                 [section .bss]
   201                                 
   202 00000000 <gap>                  char resb 1
   203 00000001 <gap>                  inLine resb STRLEN+2
   204 00000035 <gap>                  readBuffer resb BUFF_SIZE
   205                                 
   206                                 
   207                                 [section .text]
   208                                 [global _start]
   209                                 _start:
   210                                 
   211                                 
   212                                 
   213                                 
   214 00000000 48C7C7[00000000]        mov rdi, welcomeOne
   215 00000007 E8B9030000              call printString
   216 0000000C E8A7030000              call printLinefeed
   217                                 
   218                                 
   219 00000011 48C7C7[00000000]        mov rdi, welcomeTwo
   220 00000018 E8A8030000              call printString
   221 0000001D E896030000              call printLinefeed
   222 00000022 48C7C7[00000000]        mov rdi, welcomeThree
   223 00000029 E897030000              call printString
   224 0000002E E885030000              call printLinefeed
   225                                 
   226                                 
   227                                 
   228 00000033 48C7C7[00000000]        mov rdi, menu1
   229 0000003A E886030000              call printString
   230 0000003F E874030000              call printLinefeed
   231 00000044 48C7C7[00000000]        mov rdi, menu2
   232 0000004B E875030000              call printString
   233 00000050 E863030000              call printLinefeed
   234 00000055 48C7C7[00000000]        mov rdi, menu3
   235 0000005C E864030000              call printString
   236 00000061 E852030000              call printLinefeed
   237 00000066 48C7C7[00000000]        mov rdi, menu4
   238 0000006D E853030000              call printString
   239 00000072 E841030000              call printLinefeed
   240 00000077 48C7C7[00000000]        mov rdi, menu5
   241 0000007E E842030000              call printString
   242 00000083 E830030000              call printLinefeed
   243 00000088 48C7C7[00000000]        mov rdi, menu6
   244 0000008F E831030000              call printString
   245 00000094 E81F030000              call printLinefeed
   246 00000099 E81A030000              call printLinefeed
   247 0000009E 48C7C7[00000000]        mov rdi, menu7
   248 000000A5 E81B030000              call printString
   249 000000AA E809030000              call printLinefeed
   250                                 
   251                                 displayPrompt:
   252                                 
   253 000000AF 48C7C7[00000000]        mov rdi, pmpt
   254 000000B6 E80A030000              call printString
   255                                 
   256                                 
   257                                 readChar:
   258                                 
   259 000000BB 48C7C3[00000000]        mov rbx, inLine
   260 000000C2 49C7C400000000          mov r12, 0
   261                                 readCharacters:
   262 000000C9 48C7C000000000          mov rax, SYS_read
   263 000000D0 48C7C700000000          mov rdi, STDIN
   264 000000D7 488D3425[00000000]      lea rsi, [char]
   265 000000DF 48C7C201000000          mov rdx, 1
   266 000000E6 0F05                    syscall
   267                                 
   268 000000E8 8A0C25[00000000]        mov cl, byte[char]
   269                                 
   270                                 
   271 000000EF 88CB                    mov bl, cl
   272 000000F1 80FB30                  cmp bl, EXIT
   273 000000F4 7444                    je goodBye
   274 000000F6 80FB31                  cmp bl, ONE
   275 000000F9 0F847A000000            je functionOne
   276 000000FF 80FB32                  cmp bl, TWO
   277 00000102 0F840D010000            je functionTwo
   278 00000108 80FB33                  cmp bl, THREE
   279 0000010B 0F84E5010000            je functionThree
   280                                 
   281 00000111 80FB34                  cmp bl, FOUR
   282 00000114 0F8486020000            je functionFour
   283                                 
   284 0000011A 80FB35                  cmp bl, FIVE
   285 0000011D 0F8482020000            je functionFive
   286                                 
   287                                 
   288                                 
   289                                 
   290 00000123 E9D3FEFFFF              jmp _start
   291                                 
   292                                 
   293                                 
   294                                 
   295                                 
   296                                 
   297                                 
   298                                 
   299                                 
   300                                 
   301 00000128 3C0A                    cmp al, LF
   302 0000012A 740E                    je readDone
   303 0000012C 49FFC4                  inc r12
   304 0000012F 4983FC32                cmp r12, STRLEN
   305 00000133 7D92                    jge readCharacters
   306                                 
   307 00000135 8803                    mov byte[rbx], al
   308 00000137 48FFC3                  inc rbx
   309 0000013A EB8B                    jmp readCharacters
   310                                 
   311                                 readDone:
   312                                 
   313                                 
   314                                 
   315                                 
   316                                 
   317                                 
   318                                 
   319                                 
   320                                 
   321                                 
   322                                 goodBye:
   323 0000013C 48C7C7[00000000]        mov rdi, goodbyeOne
   324 00000143 E87D020000              call printString
   325 00000148 E86B020000              call printLinefeed
   326 0000014D 48C7C7[00000000]        mov rdi, goodbyeTwo
   327 00000154 E86C020000              call printString
   328 00000159 E85A020000              call printLinefeed
   329 0000015E 48C7C7[00000000]        mov rdi, goodbyeThree
   330 00000165 E85B020000              call printString
   331 0000016A E849020000              call printLinefeed
   332 0000016F 48C7C03C000000          mov rax, SYS_exit
   333 00000176 48C7C700000000          mov rdi, EXIT_SUCCESS
   334 0000017D 0F05                    syscall
   335                                 
   336                                 
   337                                 
   338                                 [global functionOne]
   339                                 functionOne:
   340 0000017F 48C7C7[00000000]        mov rdi, oneMessage
   341 00000186 E83A020000              call printString
   342 0000018B E828020000              call printLinefeed
   343                                 
   344                                 
   345                                 
   346                                 
   347                                 
   348                                 
   349                                 
   350                                 
   351                                 
   352                                 
   353                                 
   354                                 openInputFile:
   355 00000190 48C7C055000000          mov rax, SYS_creat
   356 00000197 48C7C7[00000000]        mov rdi, fileName
   357 0000019E 48C7C680010000          mov rsi, S_IRUSR | S_IWUSR
   358 000001A5 0F05                    syscall
   359                                 
   360 000001A7 4883F800                cmp rax, 0
   361 000001AB 7C4A                    jl errorOnOpen
   362                                 
   363 000001AD 48890425[00000000]      mov qword [fileDescriptor], rax
   364                                 
   365                                 
   366                                 
   367                                 
   368                                 
   369                                 
   370                                 
   371                                 
   372                                 
   373                                 
   374                                 
   375                                 
   376 000001B5 48C7C001000000          mov rax, SYS_write
   377 000001BC 488B3C25[00000000]      mov rdi, qword [fileDescriptor]
   378 000001C4 48C7C6[00000000]        mov rsi, url
   379 000001CB 488B1425[00000000]      mov rdx, qword [len]
   380 000001D3 0F05                    syscall
   381                                 
   382 000001D5 4883F800                cmp rax, 0
   383 000001D9 7C2D                    jl errorOnWrite
   384                                 
   385 000001DB 48C7C7[00000000]        mov rdi, writeDone
   386 000001E2 E8DE010000              call printString
   387                                 
   388                                 
   389                                 
   390                                 
   391                                 
   392                                 
   393 000001E7 48C7C003000000          mov rax, SYS_close
   394 000001EE 488B3C25[00000000]      mov rdi, qword [fileDescriptor]
   395 000001F6 0F05                    syscall
   396                                 
   397 000001F8 C3                      ret
   398                                 
   399                                 
   400                                 
   401                                 
   402                                 
   403                                 errorOnOpen:
   404 000001F9 48C7C7[00000000]        mov rdi, errMsgOpen
   405 00000200 E8C0010000              call printString
   406 00000205 E92DFFFFFF              jmp goodBye
   407                                 
   408                                 
   409                                 
   410                                 
   411                                 
   412                                 errorOnWrite:
   413 0000020A 48C7C7[00000000]        mov rdi, errMsgWrite
   414 00000211 E8AF010000              call printString
   415 00000216 E91CFFFFFF              jmp goodBye
   416                                 
   417                                 [global functionTwo]
   418                                 functionTwo:
   419 0000021B 55                      push rbp
   420 0000021C 4889DD                  mov rbp, rbx
   421 0000021F 53                      push rbx
   422                                 
   423 00000220 48C7C7[00000000]        mov rdi, twoMessage
   424 00000227 E899010000              call printString
   425 0000022C E887010000              call printLinefeed
   426                                 
   427                                 
   428                                 
   429                                 
   430 00000231 48C7C002000000          mov rax, SYS_open
   431 00000238 48C7C7[00000000]        mov rdi, fileName
   432 0000023F 48C7C602000000          mov rsi, O_RDWR
   433                                 
   434 00000246 48890425[00000000]      mov qword [fileDescriptor], rax
   435 0000024E 4883F800                cmp rax, 0
   436 00000252 0F8C7C000000            jl errorOnOpenAppend
   437                                 
   438                                 
   439                                 
   440                                 
   441 00000258 48C7C008000000          mov rax, SYS_lseek
   442 0000025F 488B3C25[00000000]      mov rdi, qword[fileDescriptor]
   443 00000267 48C7C600000000          mov rsi, 0
   444 0000026E 48C7C202000000          mov rdx, 2
   445 00000275 0F05                    syscall
   446                                 
   447 00000277 48890425[00000000]      mov qword [fileDescriptor], rax
   448                                 
   449 0000027F 4883F800                cmp rax, 0
   450 00000283 7C42                    jl errorOnSeekAppend
   451                                 
   452                                 
   453                                 
   454 00000285 48C7C001000000          mov rax, SYS_write
   455 0000028C 488B3C25[00000000]      mov rdi, qword [fileDescriptor]
   456 00000294 48C7C6[00000000]        mov rsi, urlTwo
   457 0000029B 488B1425[00000000]      mov rdx, qword [lenTwo]
   458 000002A3 0F05                    syscall
   459                                 
   460 000002A5 4883F800                cmp rax, 0
   461 000002A9 7C3E                    jl errorOnWriteAppend
   462                                 
   463 000002AB 48C7C7[00000000]        mov rdi, writeDone
   464 000002B2 E80E010000              call printString
   465                                 
   466                                 
   467                                 
   468                                 
   469                                 
   470                                 
   471 000002B7 48C7C003000000          mov rax, SYS_close
   472 000002BE 488B3C25[00000000]      mov rdi, qword [fileDescriptor]
   473 000002C6 0F05                    syscall
   474 000002C8 C3                      ret
   475                                 
   476                                 
   477                                 
   478                                 
   479                                 
   480                                 errorOnSeekAppend:
   481 000002C9 48C7C7[00000000]        mov rdi, errOnSeek
   482 000002D0 E8F0000000              call printString
   483 000002D5 E95DFEFFFF              jmp goodBye
   484                                 
   485                                 errorOnOpenAppend:
   486 000002DA 48C7C7[00000000]        mov rdi, errMsgOpen
   487 000002E1 E8DF000000              call printString
   488 000002E6 E94CFEFFFF              jmp goodBye
   489                                 
   490                                 
   491                                 
   492                                 
   493                                 
   494                                 errorOnWriteAppend:
   495 000002EB 48C7C7[00000000]        mov rdi, errMsgWrite
   496 000002F2 E8CE000000              call printString
   497 000002F7 E93BFEFFFF              jmp goodBye
   498                                 
   499                                 
   500                                 [global functionThree]
   501                                 functionThree:
   502 000002FC 48C7C7[00000000]        mov rdi, threeMessage
   503 00000303 E8BD000000              call printString
   504 00000308 E8AB000000              call printLinefeed
   505                                 
   506                                 
   507                                 
   508                                 
   509                                 
   510                                 
   511                                 
   512                                 
   513                                 
   514                                 
   515                                  openInputFileRead:
   516 0000030D 48C7C002000000          mov rax, SYS_open
   517 00000314 48C7C7[00000000]        mov rdi, fileName
   518 0000031B 48C7C600000000          mov rsi, O_RDONLY
   519 00000322 0F05                    syscall
   520                                 
   521 00000324 4883F800                cmp rax, 0
   522 00000328 0F8CC5FEFFFF            jl errorOnOpen
   523                                 
   524 0000032E 48890425[00000000]      mov qword [fileDescriptor], rax
   525                                 
   526                                 
   527                                 
   528                                 
   529                                 
   530                                 
   531                                 
   532                                 
   533                                 
   534                                 
   535                                 
   536                                 
   537                                 
   538 00000336 48C7C000000000          mov rax, SYS_read
   539 0000033D 488B3C25[00000000]      mov rdi, qword [fileDescriptor]
   540 00000345 48C7C6[00000000]        mov rsi, readBuffer
   541 0000034C 48C7C2FF000000          mov rdx, BUFF_SIZE
   542 00000353 0F05                    syscall
   543                                 
   544 00000355 4883F800                cmp rax, 0
   545 00000359 7C38                    jl errorOnReadRead
   546                                 
   547                                 
   548                                 
   549                                 
   550                                 
   551 0000035B 48C7C6[00000000]        mov rsi, readBuffer
   552 00000362 C6040600                mov byte [rsi+rax], NULL
   553                                 
   554 00000366 48C7C7[00000000]        mov rdi, readBuffer
   555 0000036D E853000000              call printString
   556 00000372 E841000000              call printLinefeed
   557                                 
   558                                 
   559                                 
   560                                 
   561                                 
   562                                 
   563 00000377 48C7C003000000          mov rax, SYS_close
   564 0000037E 488B3C25[00000000]      mov rdi, qword [fileDescriptor]
   565 00000386 0F05                    syscall
   566                                 
   567                                 
   568 00000388 C60425[00000000]00      mov byte[char], ""
   569 00000390 E966FCFFFF              jmp _start
   570                                 
   571                                 errorOnReadRead:
   572 00000395 48C7C7[00000000]        mov rdi, errMsgRead
   573 0000039C E824000000              call printString
   574 000003A1 E991FDFFFF              jmp goodBye
   575                                 
   576                                 [global functionFour]
   577                                 functionFour:
   578                                 
   579 000003A6 E950FCFFFF              jmp _start
   580                                 
   581                                 [global functionFive]
   582                                 functionFive:
   583 000003AB 48C7C7[00000000]        mov rdi, fiveMessage
   584 000003B2 E80E000000              call printString
   585 000003B7 E8FCFFFFFF              call printLinefeed
   586 000003BC C3                      ret
   587                                 
   588                                 
   589                                 printLinefeed:
   590 000003BD 48C7C7[00000000]        mov rdi, newLine
   591 000003C4 E8FCFFFFFF              call printString
   592 000003C9 C3                      ret
   593                                 
   594                                 
   595                                 
   596                                 
   597                                 
   598                                 
   599                                 
   600                                 [global printString]
   601                                 printString:
   602 000003CA 55                      push rbp
   603 000003CB 4889DD                  mov rbp, rbx
   604 000003CE 53                      push rbx
   605                                 
   606                                 
   607                                 
   608                                 
   609 000003CF 4889FB                  mov rbx, rdi
   610 000003D2 48C7C200000000          mov rdx, 0
   611                                 
   612                                 strCountLoop:
   613 000003D9 803B00                  cmp byte[rbx], NULL
   614 000003DC 7406                    je strCountDone
   615 000003DE 48FFC2                  inc rdx
   616 000003E1 48FFC3                  inc rbx
   617 000003E4 EBF1                    jmp strCountLoop
   618                                 
   619                                 strCountDone:
   620 000003E6 4883FA00                cmp rdx, 0
   621 000003EA 7411                    je prtDone
   622                                 
   623                                 
   624                                 
   625 000003EC 48C7C001000000          mov rax, SYS_write
   626 000003F3 4889FE                  mov rsi, rdi
   627 000003F6 48C7C701000000          mov rdi, STDOUT
   628 000003FD 0F05                    syscall
   629                                 
   630                                 
   631                                 
   632                                 prtDone:
   633 000003FF 5B                      pop rbx
   634 00000400 5D                      pop rbp
   635 00000401 C3                      ret
   636                                 
   637                                 
   638                                 
   639                                 
   640                                 
   641                                 
   642                                 
   643                                 
